<?xml version="1.0" encoding="UTF-8"?>
<!-- Generated by org.testng.reporters.JUnitReportReporter -->
<testsuite hostname="IBM-PF32Q1ND" failures="0" tests="1" name="CustomerDatabse.CustDataTesting" time="1.160" errors="0" timestamp="2023-01-13T12:37:29 IST" skipped="0">
  <testcase classname="CustomerDatabse.CustDataTesting" name="VerifyApplication" time="1.160"/>
  <system-out/>
</testsuite> <!-- CustomerDatabse.CustDataTesting -->
