<?xml version="1.0" encoding="UTF-8"?>
<!-- Generated by org.testng.reporters.JUnitReportReporter -->
<testsuite hostname="IBM-PF32Q1ND" failures="0" tests="1" name="SaucedemoPkage.SwagLabsTest" time="24.183" errors="0" timestamp="2023-01-24T12:41:36 IST" skipped="0">
  <testcase classname="SaucedemoPkage.SwagLabsTest" name="VerifyApplication" time="24.183"/>
  <system-out/>
</testsuite> <!-- SaucedemoPkage.SwagLabsTest -->
